<?xml version="1.0" encoding="utf-8"?><testsuites name="pytest tests"><testsuite name="pytest" errors="0" failures="0" skipped="0" tests="13" time="7.231" timestamp="2026-07-24T05:35:31.951516+00:00" hostname="agent-env-57c53273-6cf6-4f6c-8532-80310ee51dd1"><testcase classname="tests.test_iteration4.TestLegacyAdminDeleted" name="test_626586_gone" time="0.141" /><testcase classname="tests.test_iteration4.TestLegacyAdminDeleted" name="test_135791_still_works" time="0.318" /><testcase classname="tests.test_iteration4.TestEmergencyCancellationsCrud" name="test_create_selected_no_ids_returns_400" time="0.427" /><testcase classname="tests.test_iteration4.TestEmergencyCancellationsCrud" name="test_create_invalid_date_400" time="0.098" /><testcase classname="tests.test_iteration4.TestEmergencyCancellationsCrud" name="test_list_admin_only" time="0.414" /><testcase classname="tests.test_iteration4.TestEmergencyCancellationsCrud" name="test_create_all_and_list" time="0.430" /><testcase classname="tests.test_iteration4.TestEmergencyBlocksAndExcludes" name="test_full_flow" time="3.245" /><testcase classname="tests.test_iteration4.TestAdminBookingOverride" name="test_reason_required_422" time="0.107" /><testcase classname="tests.test_iteration4.TestAdminBookingOverride" name="test_reason_empty_string_422" time="0.094" /><testcase classname="tests.test_iteration4.TestAdminBookingOverride" name="test_override_bypasses_cutoff_and_flags" time="0.388" /><testcase classname="tests.test_iteration4.TestAdminBookingOverride" name="test_override_update_existing" time="0.678" /><testcase classname="tests.test_iteration4.TestSelfDeleteBlocked" name="test_self_delete_returns_400" time="0.229" /><testcase classname="tests.test_iteration4" name="test_cleanup_iter4" time="0.387" /></testsuite></testsuites>