<?xml version="1.0" encoding="utf-8"?><testsuites name="pytest tests"><testsuite name="pytest" errors="0" failures="0" skipped="0" tests="10" time="3.905" timestamp="2026-07-24T06:07:13.271213+00:00" hostname="agent-env-57c53273-6cf6-4f6c-8532-80310ee51dd1"><testcase classname="tests.test_iteration6_menu_delete_override.TestMenuDelete" name="test_delete_menu_success" time="1.387" /><testcase classname="tests.test_iteration6_menu_delete_override.TestAdminBookingOverride" name="test_override_create_returns_success_and_marker" time="1.176" /><testcase classname="tests.test_iteration6_menu_delete_override.TestAdminBookingOverride" name="test_override_audit_meta_has_all_fields" time="0.764" /><testcase classname="tests.test_iteration6_menu_delete_override.TestMenuDelete" name="test_delete_menu_writes_audit_log" time="0.412" /><testcase classname="tests.test_iteration6_menu_delete_override.TestMenuDelete" name="test_delete_menu_invalid_id_returns_400" time="0.098" /><testcase classname="tests.test_iteration6_menu_delete_override.TestMenuDelete" name="test_delete_menu_nonexistent_returns_404" time="0.100" /><testcase classname="tests.test_iteration6_menu_delete_override.TestAdminBookingOverride" name="test_override_two_meals_creates_two_audit_rows" time="0.844" /><testcase classname="tests.test_iteration6_menu_delete_override.TestMenuDelete" name="test_delete_menu_non_admin_forbidden" time="0.937" /><testcase classname="tests.test_iteration6_menu_delete_override.TestAdminBookingOverride" name="test_override_invalid_user_id" time="0.139" /><testcase classname="tests.test_iteration6_menu_delete_override.TestAdminBookingOverride" name="test_override_non_admin_forbidden" time="0.423" /></testsuite></testsuites>