<?xml version="1.0" encoding="utf-8"?><testsuites name="pytest tests"><testsuite name="pytest" errors="0" failures="0" skipped="0" tests="13" time="3.279" timestamp="2026-07-24T06:38:57.595130+00:00" hostname="agent-env-57c53273-6cf6-4f6c-8532-80310ee51dd1"><testcase classname="tests.test_iteration7_weekly_menu.TestAdminWeeklyMenu" name="test_get_returns_14_slots" time="0.855" /><testcase classname="tests.test_iteration7_weekly_menu.TestAdminWeeklyMenu" name="test_put_upsert_and_get_reflects" time="0.469" /><testcase classname="tests.test_iteration7_weekly_menu.TestPublicWeeklyMenu" name="test_get_weekly_menu_returns_14" time="1.291" /><testcase classname="tests.test_iteration7_weekly_menu.TestPublicWeeklyMenu" name="test_get_weekly_today" time="0.095" /><testcase classname="tests.test_iteration7_weekly_menu.TestAdminWeeklyMenu" name="test_put_trims_and_ignores_blanks" time="0.138" /><testcase classname="tests.test_iteration7_weekly_menu.TestPublicWeeklyMenu" name="test_weekly_menu_requires_auth" time="0.088" /><testcase classname="tests.test_iteration7_weekly_menu.TestAdminWeeklyMenu" name="test_put_rejects_invalid_day" time="0.094" /><testcase classname="tests.test_iteration7_weekly_menu.TestMenuResolution" name="test_weekly_applies_when_no_override" time="0.324" /><testcase classname="tests.test_iteration7_weekly_menu.TestAdminWeeklyMenu" name="test_delete_success_then_404" time="0.287" /><testcase classname="tests.test_iteration7_weekly_menu.TestMenuResolution" name="test_date_override_wins" time="0.189" /><testcase classname="tests.test_iteration7_weekly_menu.TestMenuResolution" name="test_clearing_override_falls_back_to_weekly" time="0.511" /><testcase classname="tests.test_iteration7_weekly_menu.TestAdminWeeklyMenu" name="test_non_admin_forbidden" time="0.515" /><testcase classname="tests.test_iteration7_weekly_menu.TestDateMenuRegression" name="test_create_list_delete" time="0.370" /></testsuite></testsuites>