<?xml version="1.0" encoding="utf-8"?><testsuites name="pytest tests"><testsuite name="pytest" errors="0" failures="0" skipped="1" tests="15" time="2.544" timestamp="2026-08-02T14:18:51.878746+00:00" hostname="agent-env-57c53273-6cf6-4f6c-8532-80310ee51dd1"><testcase classname="tests.test_iteration8_sunday_meal_blocking" name="test_admin_login" time="0.266" /><testcase classname="tests.test_iteration8_sunday_meal_blocking" name="test_employee_login" time="0.233" /><testcase classname="tests.test_iteration8_sunday_meal_blocking" name="test_bookings_status_returns_200_with_new_fields" time="0.233" /><testcase classname="tests.test_iteration8_sunday_meal_blocking" name="test_sunday_override_permutations_stored_correctly" time="0.252" /><testcase classname="tests.test_iteration8_sunday_meal_blocking" name="test_sunday_block_via_create_booking_when_in_window" time="0.021" /><testcase classname="tests.test_iteration8_sunday_meal_blocking" name="test_sunday_off_field_in_booking_status" time="0.000"><skipped type="pytest.skip" message="Tomorrow is not Sunday; sunday_off flip test only applicable then">/app/backend/tests/test_iteration8_sunday_meal_blocking.py:187: Tomorrow is not Sunday; sunday_off flip test only applicable then</skipped></testcase><testcase classname="tests.test_iteration8_sunday_meal_blocking" name="test_bookings_mine" time="0.003" /><testcase classname="tests.test_iteration8_sunday_meal_blocking" name="test_admin_employees_list" time="0.003" /><testcase classname="tests.test_iteration8_sunday_meal_blocking" name="test_admin_reset_employee_password_and_relogin" time="0.926" /><testcase classname="tests.test_iteration8_sunday_meal_blocking" name="test_admin_deductions" time="0.004" /><testcase classname="tests.test_iteration8_sunday_meal_blocking" name="test_admin_payroll_export_xlsx" time="0.022" /><testcase classname="tests.test_iteration8_sunday_meal_blocking" name="test_admin_sunday_overrides_crud" time="0.009" /><testcase classname="tests.test_iteration8_sunday_meal_blocking" name="test_admin_holidays" time="0.003" /><testcase classname="tests.test_iteration8_sunday_meal_blocking" name="test_settings_prices_get_put" time="0.005" /><testcase classname="tests.test_iteration8_sunday_meal_blocking" name="test_non_sunday_not_blocked" time="0.004" /></testsuite></testsuites>