<?xml version="1.0" encoding="utf-8"?><testsuites name="pytest tests"><testsuite name="pytest" errors="0" failures="0" skipped="0" tests="17" time="6.362" timestamp="2026-07-24T05:00:24.366583+00:00" hostname="agent-env-57c53273-6cf6-4f6c-8532-80310ee51dd1"><testcase classname="tests.test_iteration3.TestCancellationEvents" name="test_employee_self_cancel_records_event" time="1.950" /><testcase classname="tests.test_iteration3.TestSendResetEmail" name="test_send_reset_email_ok" time="1.420" /><testcase classname="tests.test_iteration3.TestSendResetEmail" name="test_send_reset_email_no_email_user_400" time="0.577" /><testcase classname="tests.test_iteration3.TestCancellationEvents" name="test_admin_cancel_with_reason_writes_event_and_notifies" time="0.430" /><testcase classname="tests.test_iteration3.TestSendResetEmail" name="test_send_reset_email_bad_id" time="0.218" /><testcase classname="tests.test_iteration3.TestSendResetEmail" name="test_send_reset_email_admin_only" time="0.100" /><testcase classname="tests.test_iteration3.TestSeededAdmin" name="test_new_admin_login" time="0.358" /><testcase classname="tests.test_iteration3.TestCancellationEvents" name="test_admin_cancel_day_records_events" time="0.832" /><testcase classname="tests.test_iteration3.TestSeededAdmin" name="test_legacy_admin_still_admin" time="0.339" /><testcase classname="tests.test_iteration3.TestSummaryAndExport" name="test_summary_returns_new_fields" time="0.371" /><testcase classname="tests.test_iteration3.TestCancellationEvents" name="test_cancellations_month_filter" time="0.094" /><testcase classname="tests.test_iteration3.TestCancellationEvents" name="test_cancellations_requires_auth" time="0.139" /><testcase classname="tests.test_iteration3.TestSummaryAndExport" name="test_export_xlsx_headers" time="0.151" /><testcase classname="tests.test_iteration3.TestResetPasswordRegression" name="test_reset_password_end_to_end" time="1.471" /><testcase classname="tests.test_iteration3.TestEmailReportDownload" name="test_email_report_download_link" time="0.393" /><testcase classname="tests.test_iteration3.TestEmailReportDownload" name="test_download_bad_token" time="0.099" /><testcase classname="tests.test_iteration3" name="test_cleanup_iteration3" time="0.304" /></testsuite></testsuites>