<?xml version="1.0" encoding="utf-8"?><testsuites name="pytest tests"><testsuite name="pytest" errors="0" failures="0" skipped="0" tests="5" time="3.109" timestamp="2026-07-24T05:43:58.422786+00:00" hostname="agent-env-57c53273-6cf6-4f6c-8532-80310ee51dd1"><testcase classname="tests.test_iteration5_rebook_after_reopen.TestRebookAfterReopen" name="test_full_flow_rebook_same_id_and_active" time="1.243" /><testcase classname="tests.test_iteration5_rebook_after_reopen.TestRebookAfterReopen" name="test_aggregations_include_rebooked_meal" time="0.192" /><testcase classname="tests.test_iteration5_rebook_after_reopen.TestRebookAfterReopen" name="test_fresh_employee_can_book_normally" time="0.433" /><testcase classname="tests.test_iteration5_rebook_after_reopen.TestRebookAfterReopen" name="test_active_cancellation_still_blocks" time="0.605" /><testcase classname="tests.test_iteration5_rebook_after_reopen" name="test_zz_cleanup" time="0.567" /></testsuite></testsuites>