<?xml version="1.0" encoding="utf-8"?><testsuites name="pytest tests"><testsuite name="pytest" errors="0" failures="1" skipped="0" tests="25" time="8.630" timestamp="2026-07-23T16:06:13.010956+00:00" hostname="agent-env-57c53273-6cf6-4f6c-8532-80310ee51dd1"><testcase classname="tests.test_new_features.TestHolidays" name="test_admin_create_holiday" time="1.133" /><testcase classname="tests.test_new_features.TestHolidays" name="test_duplicate_holiday_rejected" time="0.263" /><testcase classname="tests.test_new_features.TestChef" name="test_chef_login_role" time="1.379" /><testcase classname="tests.test_new_features.TestChef" name="test_chef_summary_shape" time="0.141" /><testcase classname="tests.test_new_features.TestChef" name="test_chef_bookings_search" time="2.422" /><testcase classname="tests.test_new_features.TestHolidays" name="test_user_sees_holiday" time="0.722" /><testcase classname="tests.test_new_features.TestHolidays" name="test_holiday_blocks_booking" time="0.000" /><testcase classname="tests.test_new_features.TestHolidays" name="test_admin_delete_holiday" time="0.286" /><testcase classname="tests.test_new_features.TestBookingsV2" name="test_book_with_qty_and_parcel" time="0.929" /><testcase classname="tests.test_new_features.TestBookingsV2" name="test_qty_validation" time="0.308" /><testcase classname="tests.test_new_features.TestBookingsV2" name="test_patch_others_forbidden" time="0.602" /><testcase classname="tests.test_new_features.TestChef" name="test_chef_cannot_access_admin" time="0.127" /><testcase classname="tests.test_new_features.TestChef" name="test_employee_cannot_access_chef" time="0.107" /><testcase classname="tests.test_new_features.TestEmailReport" name="test_email_report_returns_ok" time="0.110" /><testcase classname="tests.test_new_features.TestPasswordFlows" name="test_change_password" time="2.084" /><testcase classname="tests.test_new_features.TestEmailReport" name="test_email_report_bad_date" time="0.327" /><testcase classname="tests.test_new_features.TestEmailReport" name="test_email_report_admin_only" time="0.337" /><testcase classname="tests.test_new_features.TestMenu" name="test_admin_upsert_and_user_read" time="1.106" /><testcase classname="tests.test_new_features.TestMenu" name="test_menu_admin_only" time="0.315" /><testcase classname="tests.test_new_features.TestPasswordFlows" name="test_forgot_password_generic_response" time="0.235" /><testcase classname="tests.test_new_features.TestAudit" name="test_audit_logs_returned" time="0.191" /><testcase classname="tests.test_new_features.TestPasswordFlows" name="test_reset_password_flow" time="0.467"><failure message="assert 400 == 200&#10; +  where 400 = &lt;Response [400]&gt;.status_code">backend/tests/test_new_features.py:455: in test_reset_password_flow
    assert r2.status_code == 200
E   assert 400 == 200
E    +  where 400 = &lt;Response [400]&gt;.status_code</failure></testcase><testcase classname="tests.test_new_features.TestAudit" name="test_audit_logs_admin_only" time="0.146" /><testcase classname="tests.test_new_features" name="test_cleanup_created_users" time="0.371" /><testcase classname="tests.test_new_features.TestHolidayBlocksBookingTomorrow" name="test_flow" time="0.608" /></testsuite></testsuites>